<?xml version="1.0" encoding="UTF-8"?>
<!-- Generated by org.testng.reporters.JUnitXMLReporter -->
<testsuite hostname="DESKTOP-M5ICCCG" name="Command line test" tests="4" failures="0" timestamp="11 Dec 2019 19:10:23 GMT" time="0.016" errors="0">
  <testcase name="dsd" time="0.0" classname="qaclickacademy.AppiumTest"/>
  <testcase name="RestApi" time="0.0" classname="qaclickacademy.RestApiTest"/>
  <testcase name="lmao" time="0.0" classname="qaclickacademy.SeleniumTest"/>
  <testcase name="lol" time="0.0" classname="qaclickacademy.SeleniumTest"/>
</testsuite> <!-- Command line test -->
