<?xml version="1.0" encoding="UTF-8"?>
<!-- Generated by org.testng.reporters.JUnitXMLReporter -->
<testsuite hostname="DESKTOP-M5ICCCG" name="Regression" tests="4" failures="0" timestamp="10 Dec 2019 19:38:27 GMT" time="0.018" errors="0">
  <testcase name="dsd" time="0.007" classname="qaclickacademy.AppiumTest"/>
  <testcase name="lmao" time="0.001" classname="qaclickacademy.SeleniumTest"/>
  <testcase name="lol" time="0.0" classname="qaclickacademy.SeleniumTest"/>
  <testcase name="RestApi" time="0.0" classname="qaclickacademy.RestApiTest"/>
</testsuite> <!-- Regression -->
