<?xml version="1.0" encoding="UTF-8"?>
<testng-results skipped="0" failed="0" total="4" passed="4">
  <reporter-output>
  </reporter-output>
  <suite name="Command line suite" duration-ms="16" started-at="2019-12-11T19:10:23Z" finished-at="2019-12-11T19:10:23Z">
    <groups>
    </groups>
    <test name="Command line test" duration-ms="16" started-at="2019-12-11T19:10:23Z" finished-at="2019-12-11T19:10:23Z">
      <class name="qaclickacademy.AppiumTest">
        <test-method status="PASS" signature="dsd()[pri:0, instance:qaclickacademy.AppiumTest@56cbfb61]" name="dsd" duration-ms="0" started-at="2019-12-11T14:10:23Z" finished-at="2019-12-11T14:10:23Z">
          <reporter-output>
          </reporter-output>
        </test-method> <!-- dsd -->
      </class> <!-- qaclickacademy.AppiumTest -->
      <class name="qaclickacademy.RestApiTest">
        <test-method status="PASS" signature="RestApi()[pri:0, instance:qaclickacademy.RestApiTest@129a8472]" name="RestApi" duration-ms="0" started-at="2019-12-11T14:10:23Z" finished-at="2019-12-11T14:10:23Z">
          <reporter-output>
          </reporter-output>
        </test-method> <!-- RestApi -->
      </class> <!-- qaclickacademy.RestApiTest -->
      <class name="qaclickacademy.SeleniumTest">
        <test-method status="PASS" signature="lol()[pri:0, instance:qaclickacademy.SeleniumTest@1b0375b3]" name="lol" duration-ms="0" started-at="2019-12-11T14:10:23Z" finished-at="2019-12-11T14:10:23Z">
          <reporter-output>
          </reporter-output>
        </test-method> <!-- lol -->
        <test-method status="PASS" signature="lmao()[pri:0, instance:qaclickacademy.SeleniumTest@1b0375b3]" name="lmao" duration-ms="0" started-at="2019-12-11T14:10:23Z" finished-at="2019-12-11T14:10:23Z">
          <reporter-output>
          </reporter-output>
        </test-method> <!-- lmao -->
      </class> <!-- qaclickacademy.SeleniumTest -->
    </test> <!-- Command line test -->
  </suite> <!-- Command line suite -->
</testng-results>
